Traceback (most recent call last):
  File "c:\users\tbednar\appdata\local\programs\python\python38\lib\site-packages\jupyter_cache\executors\utils.py", line 51, in single_nb_execution
    executenb(
  File "c:\users\tbednar\appdata\local\programs\python\python38\lib\site-packages\nbclient\client.py", line 1204, in execute
    return NotebookClient(nb=nb, resources=resources, km=km, **kwargs).execute()
  File "c:\users\tbednar\appdata\local\programs\python\python38\lib\site-packages\nbclient\util.py", line 84, in wrapped
    return just_run(coro(*args, **kwargs))
  File "c:\users\tbednar\appdata\local\programs\python\python38\lib\site-packages\nbclient\util.py", line 62, in just_run
    return loop.run_until_complete(coro)
  File "c:\users\tbednar\appdata\local\programs\python\python38\lib\asyncio\base_events.py", line 616, in run_until_complete
    return future.result()
  File "c:\users\tbednar\appdata\local\programs\python\python38\lib\site-packages\nbclient\client.py", line 663, in async_execute
    await self.async_execute_cell(
  File "c:\users\tbednar\appdata\local\programs\python\python38\lib\site-packages\nbclient\client.py", line 965, in async_execute_cell
    await self._check_raise_for_error(cell, cell_index, exec_reply)
  File "c:\users\tbednar\appdata\local\programs\python\python38\lib\site-packages\nbclient\client.py", line 862, in _check_raise_for_error
    raise CellExecutionError.from_cell_and_msg(cell, exec_reply_content)
nbclient.exceptions.CellExecutionError: An error occurred while executing the following cell:
------------------
# Matrixoperationen:
import numpy as np
# Numerisches Integrationsverfahren zur Lösung eines Anfangswertproblemes:
from scipy.integrate import solve_ivp
# Darstellung der Ergebnisse:
import matplotlib.pyplot as plt
plt.rcParams['text.usetex'] = False
------------------

[1;31m---------------------------------------------------------------------------[0m
[1;31mModuleNotFoundError[0m                       Traceback (most recent call last)
Input [1;32mIn [1][0m, in [0;36m<cell line: 6>[1;34m()[0m
[0;32m      4[0m [38;5;28;01mfrom[39;00m [38;5;21;01mscipy[39;00m[38;5;21;01m.[39;00m[38;5;21;01mintegrate[39;00m [38;5;28;01mimport[39;00m solve_ivp
[0;32m      5[0m [38;5;66;03m# Darstellung der Ergebnisse:[39;00m
[1;32m----> 6[0m [38;5;28;01mimport[39;00m [38;5;21;01mmatplotlib[39;00m[38;5;21;01m.[39;00m[38;5;21;01mpyplot[39;00m [38;5;28;01mas[39;00m [38;5;21;01mplt[39;00m
[0;32m      7[0m plt[38;5;241m.[39mrcParams[[38;5;124m'[39m[38;5;124mtext.usetex[39m[38;5;124m'[39m] [38;5;241m=[39m [38;5;28;01mFalse[39;00m

[1;31mModuleNotFoundError[0m: No module named 'matplotlib'
ModuleNotFoundError: No module named 'matplotlib'

